[2026-06-11 20:30:21,977] multiqc                                            [DEBUG  ]  This is MultiQC v1.21
[2026-06-11 20:30:21,983] multiqc                                            [DEBUG  ]  Loading config settings from: /home/yer_kanat/Downloads/rna-dexamethasone/assets/multiqc_config.yml
[2026-06-11 20:30:21,983] multiqc                                            [DEBUG  ]  New config: {'report_header_info': [{'Contact Email': 'your@email.com'}, {'Application Type': 'RNA-seq'}, {'Project': 'GSE52778 - Dexamethasone Airway Smooth Muscle'}], 'report_comment': 'This report was generated by the rna-dexamethasone Nextflow pipeline.\nDataset: GSE52778 | Organism: Homo sapiens (GRCh38) | Treatment: Dexamethasone\n', 'top_modules': ['fastqc', 'fastp', 'star', 'featureCounts'], 'module_order': [{'fastqc': {'name': 'FastQC (raw)'}}, {'fastp': {'name': 'fastp (trimmed)'}}, 'star', 'featureCounts'], 'fn_ignore_files': ['*.bam', '*.bai'], 'plots_force_interactive': True, 'custom_plot_config': {'general_stats_table_rank_limit': 30}}
[2026-06-11 20:30:21,983] multiqc                                            [DEBUG  ]  Command used: /usr/local/bin/multiqc --force --title RNA-seq Dexamethasone Analysis --comment Quality control report for GSE52778 dataset --config /home/yer_kanat/Downloads/rna-dexamethasone/assets/multiqc_config.yml -o /tmp/multiqc_out .
[2026-06-11 20:30:22,509] multiqc                                            [WARNING]  MultiQC Version v1.35 now available!
[2026-06-11 20:30:22,509] multiqc                                            [DEBUG  ]  Latest MultiQC version is v1.35, released 2026-05-13
[2026-06-11 20:30:22,509] multiqc                                            [DEBUG  ]  Working dir : /mnt/d/rna-dexamethasone/work/82/a88424b71342ea2e7abde6573f9a23
[2026-06-11 20:30:22,510] multiqc                                            [DEBUG  ]  Template    : default
[2026-06-11 20:30:22,510] multiqc                                            [DEBUG  ]  Running Python 3.12.3 (main, Mar 23 2026, 19:04:32) [GCC 13.3.0]
[2026-06-11 20:30:22,510] multiqc                                            [INFO   ]  Report title: RNA-seq Dexamethasone Analysis
[2026-06-11 20:30:22,511] multiqc                                            [DEBUG  ]  Analysing modules: fastqc, fastp, star, featureCounts, adapterRemoval, afterqc, anglerfish, bakta, bamdst, bamtools, bbduk, bbmap, bcftools, bcl2fastq, bclconvert, biobambam2, biobloomtools, biscuit, bismark, bowtie1, bowtie2, bracken, busco, bustools, ccs, cellranger, checkqc, clipandmerge, clusterflow, conpair, custom_content, cutadapt, damageprofiler, dedup, deeptools, diamond, disambiguate, dragen, dragen_fastqc, eigenstratdatabasetools, fastq_screen, fgbio, filtlong, flash, flexbar, freyja, gatk, gffcompare, goleft_indexcov, gopeaks, happy, hicexplorer, hicpro, hicup, hifiasm, hisat2, homer, hops, htseq, humid, interop, isoseq, ivar, jcvi, jellyfish, kaiju, kallisto, kat, kraken, leehom, librarian, lima, longranger, macs2, malt, mapdamage, megahit, metaphlan, methylqa, minionqc, mirtop, mirtrace, mosdepth, motus, mtnucratio, multivcfanalyzer, nanostat, nextclade, ngsderive, nonpareil, odgi, optitype, pangolin, pbmarkdup, peddy, phantompeakqualtools, picard, porechop, preseq, prinseqplusplus, prokka, purple, pychopper, pycoqc, qc3C, qorts, qualimap, quast, rna_seqc, rockhopper, rsem, rseqc, salmon, sambamba, samblaster, samtools, sargasso, seqera_cli, seqwho, seqyclean, sexdeterrmine, sickle, skewer, slamdunk, snippy, snpeff, snpsplit, somalier, sortmerna, sourmash, spaceranger, stacks, supernova, theta2, tophat, trimmomatic, truvari, umitools, varscan2, vcftools, vep, verifybamid, whatshap, xengsort, xenome
[2026-06-11 20:30:22,511] multiqc                                            [DEBUG  ]  Using temporary directory for creating report: /tmp/tmp7btl6on0
[2026-06-11 20:30:22,513] multiqc                                            [INFO   ]  Search path : /mnt/d/rna-dexamethasone/work/82/a88424b71342ea2e7abde6573f9a23
[2026-06-11 20:30:24,244] multiqc                                            [DEBUG  ]  Summary of files that were skipped by the search: [skipped_module_specific_max_filesize: 72] // [skipped_no_match: 15]
[2026-06-11 20:30:24,499] multiqc.modules.fastqc.fastqc                      [INFO   ]  Found 16 reports
[2026-06-11 20:30:24,499] multiqc.utils.util_functions                       [DEBUG  ]  Wrote data file multiqc_fastqc.txt
[2026-06-11 20:30:24,663] multiqc.plots.plotly.heatmap                       [DEBUG  ]  Resizing from 495x528 to fit the maximum size 900x500
[2026-06-11 20:30:24,663] multiqc.plots.plotly.heatmap                       [DEBUG  ]  Heatmap size: 900x500, px per element: 81.82x31.25
[2026-06-11 20:30:24,704] multiqc.modules.star.star                          [INFO   ]  Found 8 reports
[2026-06-11 20:30:24,705] multiqc.utils.util_functions                       [DEBUG  ]  Wrote data file multiqc_star.txt
[2026-06-11 20:30:24,715] multiqc.modules.featureCounts.feature_counts       [INFO   ]  Found 8 reports
[2026-06-11 20:30:24,715] multiqc.utils.util_functions                       [DEBUG  ]  Wrote data file multiqc_featureCounts.txt
[2026-06-11 20:30:24,723] multiqc                                            [DEBUG  ]  No samples found: custom_content
[2026-06-11 20:30:24,799] multiqc.utils.util_functions                       [DEBUG  ]  Wrote data file multiqc_samtools_stats.txt
[2026-06-11 20:30:24,825] multiqc.modules.samtools.samtools                  [INFO   ]  Found 8 stats reports
[2026-06-11 20:30:24,864] multiqc.utils.util_functions                       [DEBUG  ]  Wrote data file multiqc_samtools_flagstat.txt
[2026-06-11 20:30:24,882] multiqc.modules.samtools.samtools                  [INFO   ]  Found 8 flagstat reports
[2026-06-11 20:30:24,918] multiqc.utils.util_functions                       [DEBUG  ]  Wrote data file multiqc_samtools_idxstats.txt
[2026-06-11 20:30:24,929] multiqc.modules.samtools.samtools                  [INFO   ]  Found 8 idxstats reports
[2026-06-11 20:30:24,930] multiqc.utils.software_versions                    [DEBUG  ]  Reading software versions from config.software_versions
[2026-06-11 20:30:24,931] multiqc.utils.util_functions                       [DEBUG  ]  Wrote data file multiqc_software_versions.txt
[2026-06-11 20:30:24,983] multiqc.utils.util_functions                       [DEBUG  ]  Wrote data file multiqc_general_stats.txt
[2026-06-11 20:30:24,983] multiqc                                            [DEBUG  ]  Compressing plot data
[2026-06-11 20:30:25,279] multiqc.utils.util_functions                       [DEBUG  ]  Wrote data file multiqc_data.json
[2026-06-11 20:30:25,279] multiqc                                            [INFO   ]  Report      : ../../../../../../tmp/multiqc_out/RNA-seq-Dexamethasone-Analysis_multiqc_report.html
[2026-06-11 20:30:25,279] multiqc                                            [INFO   ]  Data        : ../../../../../../tmp/multiqc_out/RNA-seq-Dexamethasone-Analysis_multiqc_report_data
[2026-06-11 20:30:25,279] multiqc                                            [DEBUG  ]  Moving data file from '/tmp/tmp7btl6on0/multiqc_data' to '/tmp/multiqc_out/RNA-seq-Dexamethasone-Analysis_multiqc_report_data'
[2026-06-11 20:30:25,283] multiqc                                            [DEBUG  ]  Full report path: /tmp/multiqc_out/RNA-seq-Dexamethasone-Analysis_multiqc_report.html
[2026-06-11 20:30:25,424] multiqc                                            [INFO   ]  MultiQC complete
